SF:lib\src\commands\assets\make.dart
DA:13,3
DA:16,0
DA:19,1
DA:23,1
DA:26,3
DA:29,1
DA:30,1
DA:35,1
DA:37,2
DA:43,1
DA:46,2
DA:47,0
DA:49,1
DA:50,2
DA:51,3
DA:55,1
DA:60,2
DA:61,1
DA:62,2
DA:63,1
DA:64,2
DA:65,2
DA:67,2
DA:68,3
DA:74,1
DA:75,2
DA:77,1
DA:80,1
DA:81,1
DA:82,2
DA:84,2
DA:85,5
DA:87,6
DA:95,3
DA:97,1
DA:101,2
DA:107,1
DA:109,4
DA:114,4
DA:115,1
DA:116,3
DA:117,1
DA:120,1
DA:123,1
DA:125,1
DA:126,2
DA:127,1
DA:132,5
DA:135,0
DA:136,0
DA:137,2
LF:51
LH:47
end_of_record
SF:lib\src\commands\init.dart
DA:14,0
DA:15,0
DA:16,0
DA:17,0
LF:4
LH:0
end_of_record
SF:lib\src\commands\tr\make.dart
DA:14,0
DA:16,1
DA:20,0
DA:21,0
DA:22,0
DA:23,0
DA:25,0
DA:26,0
DA:27,0
DA:29,0
DA:30,0
DA:37,0
DA:38,0
DA:39,0
DA:43,0
DA:45,0
DA:52,0
DA:53,0
DA:55,0
DA:56,0
DA:57,0
DA:62,0
DA:68,0
DA:69,0
DA:75,0
DA:77,0
DA:78,0
DA:79,0
DA:89,0
DA:91,0
DA:97,0
DA:98,0
DA:99,0
DA:100,0
DA:101,0
DA:102,0
DA:103,0
DA:105,0
DA:109,0
DA:113,0
DA:114,0
DA:115,0
DA:116,0
DA:119,0
DA:120,0
DA:124,0
DA:125,0
DA:135,0
DA:136,0
DA:137,0
DA:139,0
DA:140,0
DA:141,0
DA:142,0
DA:145,0
LF:55
LH:1
end_of_record
SF:lib\src\helpers\file.dart
DA:10,1
DA:11,2
DA:12,1
DA:13,4
DA:14,2
DA:15,1
DA:18,2
DA:19,2
DA:20,4
DA:21,1
DA:22,2
DA:23,2
DA:25,2
DA:28,1
DA:29,3
DA:30,1
DA:34,2
DA:35,8
DA:36,10
DA:37,2
DA:38,2
DA:40,4
DA:42,4
DA:43,6
DA:46,1
DA:47,4
LF:26
LH:26
end_of_record
SF:lib\src\helpers\yaml.dart
DA:5,2
DA:6,6
DA:7,10
LF:3
LH:3
end_of_record
SF:lib\src\helpers\locale.dart
DA:8,1
DA:10,6
DA:11,1
DA:15,1
DA:20,2
DA:22,2
DA:24,1
DA:26,0
DA:28,0
DA:29,0
DA:30,0
LF:11
LH:7
end_of_record
SF:lib\src\helpers\string.dart
DA:6,0
DA:11,0
DA:13,0
DA:14,0
DA:20,0
DA:23,0
LF:6
LH:0
end_of_record
SF:lib\src\enums.dart
DA:1,5
LF:1
LH:1
end_of_record
SF:lib\src\exceptions\tr\bad_key_type.dart
DA:8,0
DA:14,0
DA:16,0
LF:3
LH:0
end_of_record
SF:lib\src\exceptions\tr\empty_key.dart
DA:8,0
DA:10,0
DA:12,0
LF:3
LH:0
end_of_record
SF:lib\src\exceptions\tr\missing_key.dart
DA:8,2
DA:13,1
DA:15,3
LF:3
LH:3
end_of_record
SF:lib\src\helpers\is_valid_gender.dart
DA:2,1
DA:3,2
LF:2
LH:2
end_of_record
SF:lib\src\exceptions\file\dir_does_not_contain_json.dart
DA:4,2
DA:6,1
DA:8,2
LF:3
LH:3
end_of_record
SF:lib\src\exceptions\file\dir_does_not_exist.dart
DA:4,2
DA:6,1
DA:8,2
LF:3
LH:3
end_of_record
SF:lib\src\exceptions\file\dir_is_empty.dart
DA:4,1
DA:6,1
DA:8,2
LF:3
LH:3
end_of_record
