SF:lib\src\helpers\is_valid_gender.dart
DA:2,1
DA:3,2
LF:2
LH:2
end_of_record
SF:lib\src\exceptions\file\dir_does_not_contain_json.dart
DA:4,2
DA:6,1
DA:8,2
LF:3
LH:3
end_of_record
SF:lib\src\exceptions\file\dir_does_not_exist.dart
DA:4,2
DA:6,1
DA:8,2
LF:3
LH:3
end_of_record
SF:lib\src\exceptions\file\dir_is_empty.dart
DA:4,1
DA:6,1
DA:8,2
LF:3
LH:3
end_of_record
SF:lib\src\exceptions\tr\missing_key.dart
DA:8,2
DA:13,1
DA:15,3
LF:3
LH:3
end_of_record
SF:lib\src\helpers\file.dart
DA:8,1
DA:9,1
DA:10,2
DA:11,1
DA:12,1
DA:13,1
DA:14,4
DA:15,2
DA:16,6
DA:19,1
DA:20,3
DA:21,1
LF:12
LH:12
end_of_record
SF:lib\src\helpers\locale.dart
DA:6,1
DA:8,6
DA:9,1
DA:13,1
DA:18,2
DA:20,2
DA:22,1
LF:7
LH:7
end_of_record
